********************************************************************************
product = Open Liberty 20.0.0.11 (wlp-1.0.46.cl201120201014-1215)
wlp.install.dir = /home/ibmadmin/cloudpak-for-applications/CustomerOrderServices/target/liberty/wlp/
java.home = /usr/lib/jvm/java-1.8.0-openjdk-1.8.0.262.b10-0.el7_8.x86_64/jre
java.version = 1.8.0_262
java.runtime = OpenJDK Runtime Environment (1.8.0_262-b10)
os = Linux (3.10.0-1127.19.1.el7.x86_64; amd64) (en_US)
process = 7315@storage
********************************************************************************
[11/11/20 16:06:26:108 EST] 00000001 com.ibm.ws.kernel.launch.internal.FrameworkManager           A CWWKE0001I: The server defaultServer has been launched.
[11/11/20 16:06:26:573 EST] 00000020 com.ibm.ws.config.xml.internal.ServerXMLConfiguration        A CWWKG0093A: Processing configuration drop-ins resource: /home/ibmadmin/cloudpak-for-applications/CustomerOrderServices/target/liberty/wlp/usr/servers/defaultServer/configDropins/overrides/liberty-plugin-variable-config.xml
[11/11/20 16:06:26:816 EST] 00000001 com.ibm.ws.kernel.launch.internal.FrameworkManager           I CWWKE0002I: The kernel started after 0.86 seconds
[11/11/20 16:06:26:840 EST] 00000029 com.ibm.ws.kernel.feature.internal.FeatureManager            I CWWKF0007I: Feature update started.
[11/11/20 16:06:27:526 EST] 00000021 .apache.cxf.cxf.core.3.2:1.0.46.cl201120201014-1215(id=134)] I Aries Blueprint packages not available. So namespaces will not be registered
[11/11/20 16:06:27:727 EST] 0000001e com.ibm.ws.app.manager.internal.monitor.DropinMonitor        A CWWKZ0058I: Monitoring dropins for applications.
[11/11/20 16:06:28:525 EST] 0000003a com.ibm.ws.app.manager.AppMessageHelper                      I CWWKZ0018I: Starting application customer-order-services.
[11/11/20 16:06:28:526 EST] 0000003a bm.ws.app.manager.war.internal.WARDeployedAppInfoFactoryImpl I CWWKZ0134I: The customer-order-services application is using the loose application definition at the /home/ibmadmin/cloudpak-for-applications/CustomerOrderServices/target/liberty/wlp/usr/servers/defaultServer/apps/customer-order-services.war.xml location.
[11/11/20 16:06:30:007 EST] 0000003a com.ibm.ws.jpa.container.thirdparty.ThirdPartyJPAProvider    I CWWJP0006I: The org.hibernate.jpa.HibernatePersistenceProvider class is loaded as the default Java Persistence API (JPA) provider.
[11/11/20 16:06:30:009 EST] 0000003a com.ibm.ws.jpa.container.thirdparty.ThirdPartyJPAProvider    I CWWJP0006I: The org.hibernate.jpa.HibernatePersistenceProvider class is loaded as the default Java Persistence API (JPA) provider.
[11/11/20 16:06:30:038 EST] 0000003a com.ibm.ws.jca.cm.ConnectorService                           I J2CA8050I: An authentication alias should be used instead of defining a user name and password on dataSource[OrderDS].
[11/11/20 16:06:30:453 EST] 0000003a com.ibm.ws.recoverylog.spi.RecoveryDirectorImpl              I CWRLS0010I: Performing recovery processing for local WebSphere server (defaultServer).
[11/11/20 16:06:30:479 EST] 00000052 com.ibm.ws.recoverylog.spi.LogHandle                         I CWRLS0007I: No existing recovery log files found in /home/ibmadmin/cloudpak-for-applications/CustomerOrderServices/target/liberty/wlp/usr/servers/defaultServer/tranlog/tranlog. Cold starting the recovery log.
[11/11/20 16:06:30:479 EST] 00000052 com.ibm.ws.recoverylog.spi.LogFileHandle                     I CWRLS0006I: Creating new recovery log file /home/ibmadmin/cloudpak-for-applications/CustomerOrderServices/target/liberty/wlp/usr/servers/defaultServer/tranlog/tranlog/log1.
[11/11/20 16:06:30:503 EST] 00000052 com.ibm.ws.recoverylog.spi.LogFileHandle                     I CWRLS0006I: Creating new recovery log file /home/ibmadmin/cloudpak-for-applications/CustomerOrderServices/target/liberty/wlp/usr/servers/defaultServer/tranlog/tranlog/log2.
[11/11/20 16:06:30:523 EST] 00000052 com.ibm.ws.recoverylog.spi.LogHandle                         I CWRLS0007I: No existing recovery log files found in /home/ibmadmin/cloudpak-for-applications/CustomerOrderServices/target/liberty/wlp/usr/servers/defaultServer/tranlog/partnerlog. Cold starting the recovery log.
[11/11/20 16:06:30:523 EST] 00000052 com.ibm.ws.recoverylog.spi.LogFileHandle                     I CWRLS0006I: Creating new recovery log file /home/ibmadmin/cloudpak-for-applications/CustomerOrderServices/target/liberty/wlp/usr/servers/defaultServer/tranlog/partnerlog/log1.
[11/11/20 16:06:30:531 EST] 00000052 com.ibm.ws.recoverylog.spi.LogFileHandle                     I CWRLS0006I: Creating new recovery log file /home/ibmadmin/cloudpak-for-applications/CustomerOrderServices/target/liberty/wlp/usr/servers/defaultServer/tranlog/partnerlog/log2.
[11/11/20 16:06:30:566 EST] 0000003a com.ibm.ws.recoverylog.spi.RecoveryDirectorImpl              I CWRLS0012I: All persistent services have been directed to perform recovery processing for this WebSphere server (defaultServer).
[11/11/20 16:06:30:565 EST] 00000052 com.ibm.tx.jta.impl.RecoveryManager                          I WTRN0135I: Transaction service recovering no transactions.
[11/11/20 16:06:30:620 EST] 0000003a com.ibm.ws.jpa.AbstractJPAProviderIntegration                I CWWJP0053I: Hibernate is used as a third-party JPA provider. Version information is: 5.2.6.Final. 
[11/11/20 16:06:30:774 EST] 0000003a org.hibernate.jpa.internal.util.LogHelper                    I HHH000204: Processing PersistenceUnitInfo [
	name: CustomerOrderServices
	...]
[11/11/20 16:06:31:268 EST] 0000003a org.hibernate.Version                                        I HHH000412: Hibernate Core {5.2.6.Final}
[11/11/20 16:06:31:275 EST] 0000003a org.hibernate.cfg.Environment                                I HHH000206: hibernate.properties not found
[11/11/20 16:06:31:461 EST] 0000003a org.hibernate.annotations.common.Version                     I HCANN000001: Hibernate Commons Annotations {5.0.1.Final}
[11/11/20 16:06:36:304 EST] 0000003a com.ibm.ws.rsadapter.impl.DatabaseHelper                     I DSRA8203I: Database product name : DB2/LINUXX8664
[11/11/20 16:06:36:306 EST] 0000003a com.ibm.ws.rsadapter.impl.DatabaseHelper                     I DSRA8204I: Database product version : SQL11050
[11/11/20 16:06:36:306 EST] 0000003a com.ibm.ws.rsadapter.impl.DatabaseHelper                     I DSRA8205I: JDBC driver name  : IBM Data Server Driver for JDBC and SQLJ
[11/11/20 16:06:36:306 EST] 0000003a com.ibm.ws.rsadapter.impl.DatabaseHelper                     I DSRA8206I: JDBC driver version  : 4.19.66
[11/11/20 16:06:36:451 EST] 0000003a org.hibernate.dialect.Dialect                                I HHH000400: Using dialect: org.hibernate.dialect.DB2Dialect
[11/11/20 16:06:37:368 EST] 0000003a org.hibernate.validator.internal.util.Version                I HV000001: Hibernate Validator 4.3.0.Final
[11/11/20 16:06:42:183 EST] 0000003a org.hibernate.hql.internal.QueryTranslatorFactoryInitiator   I HHH000397: Using ASTQueryTranslatorFactory
[11/11/20 16:06:42:345 EST] 0000003a com.ibm.ws.session.WASSessionCore                            I SESN8501I: The session manager did not find a persistent storage location; HttpSession objects will be stored in the local application server's memory.
[11/11/20 16:06:42:376 EST] 0000003a org.jboss.weld.Version                                       I WELD-000900: 3.1.4 (Final)
[11/11/20 16:06:45:452 EST] 0000003a com.ibm.ws.webcontainer.osgi.webapp.WebGroup                 I SRVE0169I: Loading Web Module: Customer Order Services App.
[11/11/20 16:06:45:455 EST] 0000003a com.ibm.ws.webcontainer                                      I SRVE0250I: Web Module Customer Order Services App has been bound to default_host.
[11/11/20 16:06:45:456 EST] 0000003a com.ibm.ws.http.internal.VirtualHostImpl                     A CWWKT0016I: Web application available (default_host): http://storage:9080/CustomerOrderServicesWeb/
[11/11/20 16:06:45:474 EST] 0000004d com.ibm.ws.session.WASSessionCore                            I SESN0176I: A new session context will be created for application key default_host/CustomerOrderServicesWeb
[11/11/20 16:06:45:483 EST] 0000004d com.ibm.ws.util                                              I SESN0172I: The session manager is using the Java default SecureRandom implementation for session ID generation.
[11/11/20 16:06:45:529 EST] 0000004d com.ibm.ws.app.manager.AppMessageHelper                      A CWWKZ0001I: Application customer-order-services started in 17.004 seconds.
[11/11/20 16:06:45:549 EST] 00000029 com.ibm.ws.tcpchannel.internal.TCPPort                       I CWWKO0219I: TCP Channel defaultHttpEndpoint has been started and is now listening for requests on host *  (IPv6) port 9080.
[11/11/20 16:06:45:563 EST] 00000029 com.ibm.ws.kernel.feature.internal.FeatureManager            A CWWKF0012I: The server installed the following features: [bells-1.0, cdi-2.0, jaxrs-2.1, jaxrsClient-2.1, jdbc-4.2, jndi-1.0, jpaContainer-2.2, jsonb-1.0, jsonp-1.1, servlet-4.0].
[11/11/20 16:06:45:564 EST] 00000029 com.ibm.ws.kernel.feature.internal.FeatureManager            I CWWKF0008I: Feature update completed in 18.750 seconds.
[11/11/20 16:06:45:564 EST] 00000029 com.ibm.ws.kernel.feature.internal.FeatureManager            A CWWKF0011I: The defaultServer server is ready to run a smarter planet. The defaultServer server started in 19.609 seconds.
[11/11/20 16:06:45:633 EST] 00000041 com.ibm.ws.webcontainer.osgi.mbeans.PluginGenerator          I SRVE9103I: A configuration file for a web server plugin was automatically generated for this server at /home/ibmadmin/cloudpak-for-applications/CustomerOrderServices/target/liberty/wlp/usr/servers/defaultServer/logs/state/plugin-cfg.xml.
[11/11/20 16:07:08:617 EST] 0000001a com.ibm.ws.kernel.launch.internal.FrameworkManager           A CWWKE0085I: The server defaultServer is stopping because the JVM is exiting.
[11/11/20 16:07:08:621 EST] 00000058 com.ibm.ws.runtime.update.internal.RuntimeUpdateManagerImpl  A CWWKE1100I: Waiting for up to 30 seconds for the server to quiesce.
[11/11/20 16:07:08:626 EST] 0000004b com.ibm.ws.tcpchannel.internal.TCPChannel                    I CWWKO0220I: TCP Channel defaultHttpEndpoint has stopped listening for requests on host *  (IPv6) port 9080.
[11/11/20 16:07:08:627 EST] 0000004b com.ibm.ws.http.internal.VirtualHostImpl                     A CWWKT0017I: Web application removed (default_host): http://storage:9080/CustomerOrderServicesWeb/
[11/11/20 16:07:08:632 EST] 00000058 com.ibm.ws.runtime.update.internal.RuntimeUpdateManagerImpl  I CWWKE1101I: Server quiesce complete.
[11/11/20 16:07:08:681 EST] 0000003d com.ibm.ws.app.manager.AppMessageHelper                      A CWWKZ0009I: The application customer-order-services has stopped successfully.
[11/11/20 16:07:08:739 EST] 00000058 com.ibm.tx.jta.impl.FailureScopeController                   A WTRN0105I: The transaction service has shutdown successfully with no transactions requiring recovery.
[11/11/20 16:07:08:777 EST] 0000001b com.ibm.ws.kernel.launch.internal.ServerCommandListener      A CWWKE0055I: Server shutdown requested on Wednesday, November 11, 2020 at 4:07 PM. The server defaultServer is shutting down.
[11/11/20 16:07:09:061 EST] 00000001 com.ibm.ws.kernel.launch.internal.FrameworkManager           A CWWKE0036I: The server defaultServer stopped after 43.106 seconds.
